Added Component: Designator=*(LCD)
Added Component: Designator=*(sot223_m)
Added Component: Designator=D 1(TO-92)
Added Component: Designator=D1(DO-35)
Added Component: Designator=D2(TO-226-AE)
Added Component: Designator=DQ 1(TO-220AB)
Added Component: Designator=P1(MHDR1X2)
Added Component: Designator=P2(MHDR1X2)
Added Component: Designator=P3(HDR1X4)
Added Component: Designator=P4(HDR1X4)
Added Component: Designator=Q 1(DIP-8)
Added Component: Designator=Q1(to-220ab)
Added Component: Designator=R1(AXIAL-0.3)
Added Component: Designator=R2(AXIAL-0.3)
Added Component: Designator=R3(AXIAL-0.3)
Added Component: Designator=R4(AXIAL-0.3)
Added Component: Designator=R5(AXIAL-0.3)
Added Component: Designator=R6(AXIAL-0.3)
Added Component: Designator=R7(AXIAL-0.3)
Added Component: Designator=R8(VR5)
Added Component: Designator=R9(AXIAL-0.3)
Added Component: Designator=R10(AXIAL-0.3)
Added Component: Designator=R11(AXIAL-0.3)
Added Component: Designator=R12(J1-0603)
Added Component: Designator=R13(J1-0603)
Added Component: Designator=R14(J1-0603)
Added Component: Designator=R15(J1-0603)
Added Component: Designator=R16(J1-0603)
Added Component: Designator=R17(J1-0603)
Added Component: Designator=R18(J1-0603)
Added Component: Designator=R19(J1-0603)
Added Component: Designator=R20(J1-0603)
Added Component: Designator=R21(AXIAL-0.3)
Added Component: Designator=U1(STM-LQFP64_N)
Added Component: Designator=U2(DIP-4)
Added Pin To Net: NetName=VDD OUT Pin=*-1
Added Pin To Net: NetName=GND Pin=*-2
Added Pin To Net: NetName=Net*_3 Pin=*-3
Added Pin To Net: NetName=Net*_3 Pin=*-4
Added Pin To Net: NetName=NetD 1_1 Pin=D 1-1
Added Pin To Net: NetName=VCC Pin=D1-1
Added Pin To Net: NetName=NetD 1_2 Pin=D 1-2
Added Pin To Net: NetName=VCC Pin=D 1-3
Added Pin To Net: NetName=NetD 1_1 Pin=D2-2
Added Pin To Net: NetName=GND Pin=D2-3
Added Pin To Net: NetName=VCC Pin=DQ 1-1
Added Pin To Net: NetName=GND Pin=DQ 1-2
Added Pin To Net: NetName=VCC Pin=P1-1
Added Pin To Net: NetName=GND Pin=P1-2
Added Pin To Net: NetName=NetP2_1 Pin=P2-1
Added Pin To Net: NetName=GND Pin=P2-2
Added Pin To Net: NetName=VDD OUT Pin=P3-1
Added Pin To Net: NetName=NetP3_2 Pin=P3-2
Added Pin To Net: NetName=GND Pin=P3-3
Added Pin To Net: NetName=NetP3_4 Pin=P3-4
Added Pin To Net: NetName=NetP4_1 Pin=P4-1
Added Pin To Net: NetName=NetP4_2 Pin=P4-2
Added Pin To Net: NetName=NetP4_3 Pin=P4-3
Added Pin To Net: NetName=GND Pin=P4-4
Added Pin To Net: NetName=NetQ 1_1 Pin=Q 1-1
Added Pin To Net: NetName=VCC Pin=Q1-1
Added Pin To Net: NetName=NetQ 1_2 Pin=Q 1-2
Added Pin To Net: NetName=NetQ1_2 Pin=Q1-2
Added Pin To Net: NetName=AKB OUT Pin=Q1-3
Added Pin To Net: NetName=NetQ 1_3 Pin=Q 1-3
Added Pin To Net: NetName=GND Pin=Q 1-4
Added Pin To Net: NetName=NetQ 1_1 Pin=R1-1
Added Pin To Net: NetName=NetR1_2 Pin=R1-2
Added Pin To Net: NetName=NetP2_1 Pin=R2-1
Added Pin To Net: NetName=AKB OUT Pin=R2-2
Added Pin To Net: NetName=NetP2_1 Pin=R3-1
Added Pin To Net: NetName=NetQ 1_3 Pin=R3-2
Added Pin To Net: NetName=NetQ 1_2 Pin=R4-1
Added Pin To Net: NetName=NetQ 1_1 Pin=R4-2
Added Pin To Net: NetName=GND Pin=R5-1
Added Pin To Net: NetName=NetQ 1_2 Pin=R5-2
Added Pin To Net: NetName=NetQ1_2 Pin=R6-1
Added Pin To Net: NetName=VCC Pin=R6-2
Added Pin To Net: NetName=NetR7_1 Pin=R7-1
Added Pin To Net: NetName=NetD 1_2 Pin=R7-2
Added Pin To Net: NetName=NetR8_1 Pin=R8-1
Added Pin To Net: NetName=NetR7_1 Pin=R8-2
Added Pin To Net: NetName=NetR8_1 Pin=R8-3
Added Pin To Net: NetName=GND Pin=R9-1
Added Pin To Net: NetName=NetR8_1 Pin=R9-2
Added Pin To Net: NetName=NetR10_1 Pin=R10-1
Added Pin To Net: NetName=AKB OUT Pin=R10-2
Added Pin To Net: NetName=GND Pin=R11-1
Added Pin To Net: NetName=NetR10_1 Pin=R11-2
Added Pin To Net: NetName=NetR12_1 Pin=R12-1
Added Pin To Net: NetName=NetR12_2 Pin=R12-2
Added Pin To Net: NetName=NetR13_1 Pin=R13-1
Added Pin To Net: NetName=NetR13_2 Pin=R13-2
Added Pin To Net: NetName=NetR12_1 Pin=R14-1
Added Pin To Net: NetName=GND Pin=R14-2
Added Pin To Net: NetName=NetR13_1 Pin=R15-1
Added Pin To Net: NetName=GND Pin=R15-2
Added Pin To Net: NetName=NetR16_1 Pin=R16-1
Added Pin To Net: NetName=GND Pin=R16-2
Added Pin To Net: NetName=NetR17_1 Pin=R17-1
Added Pin To Net: NetName=GND Pin=R17-2
Added Pin To Net: NetName=NetR18_1 Pin=R18-1
Added Pin To Net: NetName=NetR16_1 Pin=R18-2
Added Pin To Net: NetName=NetR19_1 Pin=R19-1
Added Pin To Net: NetName=NetR17_1 Pin=R19-2
Added Pin To Net: NetName=Net*_3 Pin=R20-1
Added Pin To Net: NetName=NetQ1_2 Pin=R21-2
Added Pin To Net: NetName=VDD OUT Pin=U1-1
Added Pin To Net: NetName=GND Pin=U1-12
Added Pin To Net: NetName=VDD OUT Pin=U1-13
Added Pin To Net: NetName=NetR10_1 Pin=U1-14
Added Pin To Net: NetName=NetR1_2 Pin=U1-15
Added Pin To Net: NetName=NetR8_1 Pin=U1-16
Added Pin To Net: NetName=GND Pin=U1-18
Added Pin To Net: NetName=VDD OUT Pin=U1-19
Added Pin To Net: NetName=NetU1_29 Pin=U1-29
Added Pin To Net: NetName=GND Pin=U1-31
Added Pin To Net: NetName=VDD OUT Pin=U1-32
Added Pin To Net: NetName=NetP4_1 Pin=U1-41
Added Pin To Net: NetName=NetP4_2 Pin=U1-42
Added Pin To Net: NetName=NetP4_3 Pin=U1-43
Added Pin To Net: NetName=GND Pin=U1-47
Added Pin To Net: NetName=VDD OUT Pin=U1-48
Added Pin To Net: NetName=NetP3_2 Pin=U1-49
Added Pin To Net: NetName=NetP3_4 Pin=U1-50
Added Pin To Net: NetName=NetR12_2 Pin=U1-56
Added Pin To Net: NetName=NetR13_2 Pin=U1-57
Added Pin To Net: NetName=NetR19_1 Pin=U1-58
Added Pin To Net: NetName=NetR18_1 Pin=U1-59
Added Pin To Net: NetName=GND Pin=U1-63
Added Pin To Net: NetName=VDD OUT Pin=U1-64
Added Pin To Net: NetName=NetU1_29 Pin=U2-1
Added Pin To Net: NetName=GND Pin=U2-2
Added Pin To Net: NetName=GND Pin=U2-3
Added Member To Class: ClassName=display Member=Component * Component_1
Added Member To Class: ClassName=1 Member=Component D1 Diode 1N4148
Added Member To Class: ClassName=3 Member=Component D 1 LM334
Added Member To Class: ClassName=3 Member=Component D2 LM335
Added Member To Class: ClassName=MK Member=Component DQ 1 lm7802
Added Member To Class: ClassName=MK Member=Component P1 POWER
Added Member To Class: ClassName=MK Member=Component P2 OUT
Added Member To Class: ClassName=MK Member=Component P3 Header 4
Added Member To Class: ClassName=MK Member=Component P4 NKODER
Added Member To Class: ClassName=1 Member=Component Q 1 LM258
Added Member To Class: ClassName=2 Member=Component Q1 MOSFET-N
Added Member To Class: ClassName=1 Member=Component R1 Res1
Added Member To Class: ClassName=1 Member=Component R2 Res1
Added Member To Class: ClassName=1 Member=Component R3 Res1
Added Member To Class: ClassName=1 Member=Component R4 Res1
Added Member To Class: ClassName=1 Member=Component R5 Res1
Added Member To Class: ClassName=2 Member=Component R6 Res1
Added Member To Class: ClassName=3 Member=Component R7 Res1
Added Member To Class: ClassName=3 Member=Component R8 RPot
Added Member To Class: ClassName=3 Member=Component R9 Res1
Added Member To Class: ClassName=4 Member=Component R10 Res1
Added Member To Class: ClassName=4 Member=Component R11 Res1
Added Member To Class: ClassName=display Member=Component R12 Res3
Added Member To Class: ClassName=display Member=Component R13 Res3
Added Member To Class: ClassName=display Member=Component R14 Res3
Added Member To Class: ClassName=display Member=Component R15 Res3
Added Member To Class: ClassName=display Member=Component R16 Res3
Added Member To Class: ClassName=display Member=Component R17 Res3
Added Member To Class: ClassName=display Member=Component R18 Res3
Added Member To Class: ClassName=display Member=Component R19 Res3
Added Member To Class: ClassName=display Member=Component R20 Res3
Added Member To Class: ClassName=2 Member=Component R21 Res1
Added Member To Class: ClassName=MK Member=Component U1 STM32F100R6T6B
Added Member To Class: ClassName=2 Member=Component U2 Optoisolator1
Added Room: Name=1
Added Room: Name=2
Added Room: Name=3
Added Room: Name=4
Added Room: Name=display
Added Room: Name=MK
