Removed Pin From Net: NetName=LED B 1 Pin=D1-1
Removed Pin From Net: NetName=LED G 1 Pin=D1-3
Removed Pin From Net: NetName=LED R 1 Pin=D1-4
Removed Pin From Net: NetName=LED B 2 Pin=D3-1
Removed Pin From Net: NetName=LED G 2 Pin=D3-3
Removed Pin From Net: NetName=LED R 2 Pin=D3-4
Added Component: Designator=R29(J1-0603)
Added Component: Designator=R30(J1-0603)
Added Component: Designator=R31(J1-0603)
Added Component: Designator=R32(J1-0603)
Added Component: Designator=R33(J1-0603)
Added Component: Designator=R34(J1-0603)
Added Pin To Net: NetName=LED R 1 Pin=R29-1
Added Pin To Net: NetName=LED G 1 Pin=R30-1
Added Pin To Net: NetName=LED B 1 Pin=R31-1
Added Pin To Net: NetName=LED R 2 Pin=R32-1
Added Pin To Net: NetName=LED G 2 Pin=R33-1
Added Pin To Net: NetName=LED B 2 Pin=R34-1
Added Pin To Net: NetName=NetD1_1 Pin=D1-1
Added Pin To Net: NetName=NetD1_1 Pin=R31-2
Added Net: Name=NetD1_1
Added Pin To Net: NetName=NetD1_3 Pin=D1-3
Added Pin To Net: NetName=NetD1_3 Pin=R30-2
Added Net: Name=NetD1_3
Added Pin To Net: NetName=NetD1_4 Pin=D1-4
Added Pin To Net: NetName=NetD1_4 Pin=R29-2
Added Net: Name=NetD1_4
Added Pin To Net: NetName=NetD3_1 Pin=D3-1
Added Pin To Net: NetName=NetD3_1 Pin=R34-2
Added Net: Name=NetD3_1
Added Pin To Net: NetName=NetD3_3 Pin=D3-3
Added Pin To Net: NetName=NetD3_3 Pin=R33-2
Added Net: Name=NetD3_3
Added Pin To Net: NetName=NetD3_4 Pin=D3-4
Added Pin To Net: NetName=NetD3_4 Pin=R32-2
Added Net: Name=NetD3_4
Added Member To Class: ClassName=MK Member=Component R29 Res3
Added Member To Class: ClassName=MK Member=Component R30 Res3
Added Member To Class: ClassName=MK Member=Component R31 Res3
Added Member To Class: ClassName=MK Member=Component R32 Res3
Added Member To Class: ClassName=MK Member=Component R33 Res3
Added Member To Class: ClassName=MK Member=Component R34 Res3
Added Room: Name=2
Added Room: Name=3
Added Room: Name=Designator
Added Room: Name=display
Added Room: Name=MK
Added Room: Name=V_A meter
