Removed Pin From Net: NetName=GND Pin=lcd 1-A4
Removed Pin From Net: NetName=GND Pin=lcd 1-A9
Removed Pin From Net: NetName=GND Pin=lcd 1-A10
Removed Pin From Net: NetName=GND Pin=R14-2
Removed Pin From Net: NetName=GND Pin=R15-2
Removed Pin From Net: NetName=GND Pin=R16-2
Added Component: Designator=R25(J1-0603)
Added Component: Designator=R26(J1-0603)
Added Component: Designator=R27(J1-0603)
Added Pin To Net: NetName=GND Pin=R27-1
Added Pin To Net: NetName=Netlcd 1_A4 Pin=lcd 1-A4
Added Pin To Net: NetName=Netlcd 1_A4 Pin=lcd 1-A9
Added Pin To Net: NetName=Netlcd 1_A4 Pin=lcd 1-A10
Added Pin To Net: NetName=Netlcd 1_A4 Pin=R14-2
Added Pin To Net: NetName=Netlcd 1_A4 Pin=R25-1
Added Pin To Net: NetName=Netlcd 1_A4 Pin=R26-2
Added Net: Name=Netlcd 1_A4
Added Pin To Net: NetName=NetR15_2 Pin=R15-2
Added Pin To Net: NetName=NetR15_2 Pin=R25-2
Added Net: Name=NetR15_2
Added Pin To Net: NetName=NetR16_2 Pin=R16-2
Added Pin To Net: NetName=NetR16_2 Pin=R26-1
Added Pin To Net: NetName=NetR16_2 Pin=R27-2
Added Net: Name=NetR16_2
Added Member To Class: ClassName=display Member=Component R25 Res3
Added Member To Class: ClassName=display Member=Component R26 Res3
Added Member To Class: ClassName=display Member=Component R27 Res3
