Added Component: Designator=D 1(TO-92)
Added Component: Designator=D7(TO-226-AE)
Added Component: Designator=DQ 1(TO-220AB)
Added Component: Designator=P1(MHDR1X2)
Added Component: Designator=P2(MHDR1X2)
Added Component: Designator=P3(HDR1X4)
Added Component: Designator=Q 1(DIP-8)
Added Component: Designator=Q1(to-220ab)
Added Component: Designator=R1(AXIAL-0.3)
Added Component: Designator=R2(AXIAL-0.3)
Added Component: Designator=R3(AXIAL-0.3)
Added Component: Designator=R4(AXIAL-0.3)
Added Component: Designator=R5(AXIAL-0.3)
Added Component: Designator=R6(AXIAL-0.3)
Added Component: Designator=R7(AXIAL-0.3)
Added Component: Designator=R8(VR5)
Added Component: Designator=R9(AXIAL-0.3)
Added Component: Designator=R10(AXIAL-0.3)
Added Component: Designator=R11(AXIAL-0.3)
Added Component: Designator=U2(DIP-4)
Added Pin To Net: NetName=NetD 1_1 Pin=D 1-1
Added Pin To Net: NetName=NetD 1_2 Pin=D 1-2
Added Pin To Net: NetName=VCC Pin=D 1-3
Added Pin To Net: NetName=NetD 1_1 Pin=D7-2
Added Pin To Net: NetName=G N D Pin=D7-3
Added Pin To Net: NetName=VCC Pin=DQ 1-1
Added Pin To Net: NetName=G N D Pin=DQ 1-2
Added Pin To Net: NetName=VDD K Pin=DQ 1-3
Added Pin To Net: NetName=VCC Pin=P1-1
Added Pin To Net: NetName=G N D Pin=P1-2
Added Pin To Net: NetName=NetP2_1 Pin=P2-1
Added Pin To Net: NetName=G N D Pin=P2-2
Added Pin To Net: NetName=VDD K Pin=P3-1
Added Pin To Net: NetName=G N D Pin=P3-3
Added Pin To Net: NetName=NetQ 1_1 Pin=Q 1-1
Added Pin To Net: NetName=VCC Pin=Q1-1
Added Pin To Net: NetName=NetQ 1_2 Pin=Q 1-2
Added Pin To Net: NetName=NetQ1_2 Pin=Q1-2
Added Pin To Net: NetName=NetQ 1_3 Pin=Q 1-3
Added Pin To Net: NetName=NetQ1_3 Pin=Q1-3
Added Pin To Net: NetName=G N D Pin=Q 1-4
Added Pin To Net: NetName=VCC Pin=Q 1-8
Added Pin To Net: NetName=NetQ 1_1 Pin=R1-1
Added Pin To Net: NetName=NetR1_2 Pin=R1-2
Added Pin To Net: NetName=NetP2_1 Pin=R2-1
Added Pin To Net: NetName=NetQ1_3 Pin=R2-2
Added Pin To Net: NetName=NetP2_1 Pin=R3-1
Added Pin To Net: NetName=NetQ 1_3 Pin=R3-2
Added Pin To Net: NetName=NetQ 1_2 Pin=R4-1
Added Pin To Net: NetName=NetQ 1_1 Pin=R4-2
Added Pin To Net: NetName=G N D Pin=R5-1
Added Pin To Net: NetName=NetQ 1_2 Pin=R5-2
Added Pin To Net: NetName=NetQ1_2 Pin=R6-1
Added Pin To Net: NetName=VCC Pin=R6-2
Added Pin To Net: NetName=NetD 1_1 Pin=R7-1
Added Pin To Net: NetName=NetD 1_2 Pin=R7-2
Added Pin To Net: NetName=NetR8_1 Pin=R8-1
Added Pin To Net: NetName=NetD 1_1 Pin=R8-2
Added Pin To Net: NetName=NetR8_1 Pin=R8-3
Added Pin To Net: NetName=G N D Pin=R9-1
Added Pin To Net: NetName=NetR8_1 Pin=R9-2
Added Pin To Net: NetName=NetR10_1 Pin=R10-1
Added Pin To Net: NetName=NetQ1_3 Pin=R10-2
Added Pin To Net: NetName=G N D Pin=R11-1
Added Pin To Net: NetName=NetR10_1 Pin=R11-2
Added Pin To Net: NetName=NetU2_1 Pin=U2-1
Added Pin To Net: NetName=G N D Pin=U2-2
Added Pin To Net: NetName=G N D Pin=U2-3
Added Pin To Net: NetName=NetQ1_2 Pin=U2-4
Added Pin To Net: NetName=NetP3_2 Pin=P3-2
Added Net: Name=NetP3_2
Added Pin To Net: NetName=NetP3_4 Pin=P3-4
Added Net: Name=NetP3_4
Added Member To Class: ClassName=3 Member=Component D 1 LM334
Added Member To Class: ClassName=3 Member=Component D7 LM335
Added Member To Class: ClassName=MK Member=Component DQ 1 lm7802
Added Member To Class: ClassName=MK Member=Component P1 POWER
Added Member To Class: ClassName=MK Member=Component P2 OUT
Added Member To Class: ClassName=MK Member=Component P3 Header 4
Added Member To Class: ClassName=1 Member=Component Q 1 LM258
Added Member To Class: ClassName=2 Member=Component Q1 MOSFET-N
Added Member To Class: ClassName=1 Member=Component R1 Res1
Added Member To Class: ClassName=1 Member=Component R2 Res1
Added Member To Class: ClassName=1 Member=Component R3 Res1
Added Member To Class: ClassName=1 Member=Component R4 Res1
Added Member To Class: ClassName=1 Member=Component R5 Res1
Added Member To Class: ClassName=2 Member=Component R6 Res1
Added Member To Class: ClassName=3 Member=Component R7 Res1
Added Member To Class: ClassName=3 Member=Component R8 RPot
Added Member To Class: ClassName=3 Member=Component R9 Res1
Added Member To Class: ClassName=4 Member=Component R10 Res1
Added Member To Class: ClassName=4 Member=Component R11 Res1
Added Member To Class: ClassName=2 Member=Component U2 Optoisolator1
Added Room: Name=1
Added Room: Name=2
Added Room: Name=3
Added Room: Name=4
Added Room: Name=MK
