Added Component: Designator=DQ 1(TO-220AB)
Added Component: Designator=P1(MHDR1X2)
Added Component: Designator=P2(MHDR1X2)
Added Component: Designator=P3(MHDR1X2)
Added Component: Designator=Q 1(DIP-8)
Added Component: Designator=Q1(E3)
Added Component: Designator=R1(AXIAL-0.3)
Added Component: Designator=R2(AXIAL-0.3)
Added Component: Designator=R3(AXIAL-0.3)
Added Component: Designator=R4(AXIAL-0.3)
Added Component: Designator=R5(AXIAL-0.3)
Added Component: Designator=R6(AXIAL-0.3)
Added Component: Designator=R7(AXIAL-0.3)
Added Component: Designator=R8(VR3)
Added Component: Designator=R9(AXIAL-0.3)
Added Component: Designator=R10(AXIAL-0.3)
Added Component: Designator=R11(AXIAL-0.3)
Added Component: Designator=U2(DIP-4)
Added Pin To Net: NetName=GND Pin=P1-2
Added Pin To Net: NetName=GND Pin=P2-2
Added Pin To Net: NetName=GND Pin=P3-2
Added Pin To Net: NetName=GND Pin=R5-1
Added Pin To Net: NetName=GND Pin=R9-1
Added Pin To Net: NetName=GND Pin=R11-1
Added Pin To Net: NetName=GND Pin=U2-2
Added Pin To Net: NetName=GND Pin=U2-3
Added Net: Name=GND
Added Pin To Net: NetName=NetP2_1 Pin=P2-1
Added Pin To Net: NetName=NetP2_1 Pin=R2-1
Added Pin To Net: NetName=NetP2_1 Pin=R3-1
Added Net: Name=NetP2_1
Added Pin To Net: NetName=NetQ1_2 Pin=Q1-2
Added Pin To Net: NetName=NetQ1_2 Pin=R6-1
Added Pin To Net: NetName=NetQ1_2 Pin=U2-4
Added Net: Name=NetQ1_2
Added Pin To Net: NetName=NetQ1_3 Pin=Q1-3
Added Pin To Net: NetName=NetQ1_3 Pin=R2-2
Added Pin To Net: NetName=NetQ1_3 Pin=R10-2
Added Net: Name=NetQ1_3
Added Pin To Net: NetName=NetR1_1 Pin=R1-1
Added Pin To Net: NetName=NetR1_1 Pin=R4-2
Added Net: Name=NetR1_1
Added Pin To Net: NetName=NetR1_2 Pin=R1-2
Added Net: Name=NetR1_2
Added Pin To Net: NetName=NetR4_1 Pin=R4-1
Added Pin To Net: NetName=NetR4_1 Pin=R5-2
Added Net: Name=NetR4_1
Added Pin To Net: NetName=NetR7_1 Pin=R7-1
Added Pin To Net: NetName=NetR7_1 Pin=R8-1
Added Net: Name=NetR7_1
Added Pin To Net: NetName=NetR8_2 Pin=R8-2
Added Pin To Net: NetName=NetR8_2 Pin=R8-3
Added Pin To Net: NetName=NetR8_2 Pin=R9-2
Added Net: Name=NetR8_2
Added Pin To Net: NetName=NetR10_1 Pin=R10-1
Added Pin To Net: NetName=NetR10_1 Pin=R11-2
Added Net: Name=NetR10_1
Added Net: Name=NetU1_1
Added Pin To Net: NetName=NetU2_1 Pin=U2-1
Added Net: Name=NetU2_1
Added Pin To Net: NetName=VCC Pin=P1-1
Added Pin To Net: NetName=VCC Pin=P3-1
Added Pin To Net: NetName=VCC Pin=Q1-1
Added Pin To Net: NetName=VCC Pin=R6-2
Added Net: Name=VCC
Added Class: Name=1
Added Class: Name=2
Added Class: Name=3
Added Class: Name=4
Added Class: Name=MK
Added Room: Name=1
Added Room: Name=2
Added Room: Name=3
Added Room: Name=4
Added Room: Name=MK
