Added Component: Designator=D 1(TO-92)
Added Component: Designator=D7(TO-226-AE)
Added Component: Designator=DQ 1(TO-220AB)
Added Component: Designator=P1(MHDR1X2)
Added Component: Designator=P2(MHDR1X2)
Added Component: Designator=Q 1(DIP-8)
Added Component: Designator=Q1(E3)
Added Component: Designator=R1(AXIAL-0.3)
Added Component: Designator=R2(AXIAL-0.3)
Added Component: Designator=R3(AXIAL-0.3)
Added Component: Designator=R4(AXIAL-0.3)
Added Component: Designator=R5(AXIAL-0.3)
Added Component: Designator=R6(AXIAL-0.3)
Added Component: Designator=R7(AXIAL-0.3)
Added Component: Designator=R8(VR5)
Added Component: Designator=R9(AXIAL-0.3)
Added Component: Designator=R10(AXIAL-0.3)
Added Component: Designator=R11(AXIAL-0.3)
Added Component: Designator=U1(STM-LQFP64_N)
Added Component: Designator=U2(DIP-4)
Added Pin To Net: NetName=GND Pin=D7-3
Added Pin To Net: NetName=GND Pin=DQ 1-2
Added Pin To Net: NetName=GND Pin=P1-2
Added Pin To Net: NetName=GND Pin=P2-2
Added Pin To Net: NetName=GND Pin=Q 1-4
Added Pin To Net: NetName=GND Pin=R5-1
Added Pin To Net: NetName=GND Pin=R9-1
Added Pin To Net: NetName=GND Pin=R11-1
Added Pin To Net: NetName=GND Pin=U1-12
Added Pin To Net: NetName=GND Pin=U1-18
Added Pin To Net: NetName=GND Pin=U1-31
Added Pin To Net: NetName=GND Pin=U1-47
Added Pin To Net: NetName=GND Pin=U1-63
Added Pin To Net: NetName=GND Pin=U2-2
Added Pin To Net: NetName=GND Pin=U2-3
Added Net: Name=GND
Added Pin To Net: NetName=NetD 1_1 Pin=D 1-1
Added Pin To Net: NetName=NetD 1_1 Pin=D7-2
Added Pin To Net: NetName=NetD 1_1 Pin=R7-1
Added Pin To Net: NetName=NetD 1_1 Pin=R8-2
Added Net: Name=NetD 1_1
Added Pin To Net: NetName=NetD 1_2 Pin=D 1-2
Added Pin To Net: NetName=NetD 1_2 Pin=R7-2
Added Net: Name=NetD 1_2
Added Pin To Net: NetName=NetDQ 1_3 Pin=DQ 1-3
Added Pin To Net: NetName=NetDQ 1_3 Pin=U1-1
Added Pin To Net: NetName=NetDQ 1_3 Pin=U1-13
Added Pin To Net: NetName=NetDQ 1_3 Pin=U1-19
Added Pin To Net: NetName=NetDQ 1_3 Pin=U1-32
Added Pin To Net: NetName=NetDQ 1_3 Pin=U1-48
Added Pin To Net: NetName=NetDQ 1_3 Pin=U1-64
Added Net: Name=NetDQ 1_3
Added Pin To Net: NetName=NetP2_1 Pin=P2-1
Added Pin To Net: NetName=NetP2_1 Pin=R2-1
Added Pin To Net: NetName=NetP2_1 Pin=R3-1
Added Net: Name=NetP2_1
Added Pin To Net: NetName=NetQ 1_1 Pin=Q 1-1
Added Pin To Net: NetName=NetQ 1_1 Pin=R1-1
Added Pin To Net: NetName=NetQ 1_1 Pin=R4-2
Added Net: Name=NetQ 1_1
Added Pin To Net: NetName=NetQ 1_2 Pin=Q 1-2
Added Pin To Net: NetName=NetQ 1_2 Pin=R4-1
Added Pin To Net: NetName=NetQ 1_2 Pin=R5-2
Added Net: Name=NetQ 1_2
Added Pin To Net: NetName=NetQ1_2 Pin=Q1-2
Added Pin To Net: NetName=NetQ1_2 Pin=R6-1
Added Pin To Net: NetName=NetQ1_2 Pin=U2-4
Added Net: Name=NetQ1_2
Added Pin To Net: NetName=NetQ 1_3 Pin=Q 1-3
Added Pin To Net: NetName=NetQ 1_3 Pin=R3-2
Added Net: Name=NetQ 1_3
Added Pin To Net: NetName=NetQ1_3 Pin=Q1-3
Added Pin To Net: NetName=NetQ1_3 Pin=R2-2
Added Pin To Net: NetName=NetQ1_3 Pin=R10-2
Added Net: Name=NetQ1_3
Added Pin To Net: NetName=NetR1_2 Pin=R1-2
Added Pin To Net: NetName=NetR1_2 Pin=U1-15
Added Net: Name=NetR1_2
Added Pin To Net: NetName=NetR8_1 Pin=R8-1
Added Pin To Net: NetName=NetR8_1 Pin=R8-3
Added Pin To Net: NetName=NetR8_1 Pin=R9-2
Added Pin To Net: NetName=NetR8_1 Pin=U1-17
Added Net: Name=NetR8_1
Added Pin To Net: NetName=NetR10_1 Pin=R10-1
Added Pin To Net: NetName=NetR10_1 Pin=R11-2
Added Pin To Net: NetName=NetR10_1 Pin=U1-16
Added Net: Name=NetR10_1
Added Pin To Net: NetName=NetU2_1 Pin=U2-1
Added Net: Name=NetU2_1
Added Pin To Net: NetName=VCC Pin=D 1-3
Added Pin To Net: NetName=VCC Pin=DQ 1-1
Added Pin To Net: NetName=VCC Pin=P1-1
Added Pin To Net: NetName=VCC Pin=Q1-1
Added Pin To Net: NetName=VCC Pin=Q 1-8
Added Pin To Net: NetName=VCC Pin=R6-2
Added Net: Name=VCC
Added Class: Name=1
Added Class: Name=2
Added Class: Name=3
Added Class: Name=4
Added Class: Name=MK
